<?xml version="1.0" encoding="UTF-8"?>
<!-- Generated by org.testng.reporters.JUnitReportReporter -->
<testsuite hostname="DESKTOP-162LP8P" failures="0" tests="1" name="com.TestNGDemo.OrangeHRMLogout" time="24.580" errors="0" timestamp="2021-02-04T21:38:35 BDT" skipped="0">
  <testcase classname="com.TestNGDemo.OrangeHRMLogout" name="TC_001_ValidLoginTest" time="24.580"/>
  <system-out/>
</testsuite> <!-- com.TestNGDemo.OrangeHRMLogout -->
