<?xml version="1.0" encoding="UTF-8"?>
<!-- Generated by org.testng.reporters.JUnitReportReporter -->
<testsuite hostname="DESKTOP-162LP8P" failures="0" tests="3" name="com.TestNGDemo.LoginTestNG" time="13.905" errors="0" timestamp="2021-02-04T20:30:59 BDT" skipped="0">
  <testcase classname="com.TestNGDemo.LoginTestNG" name="browserOpen" time="4.378"/>
  <system-out/>
  <testcase classname="com.TestNGDemo.LoginTestNG" name="openTestHomePage" time="8.583"/>
  <system-out/>
  <testcase classname="com.TestNGDemo.LoginTestNG" name="closeBrowser" time="0.944"/>
  <system-out/>
</testsuite> <!-- com.TestNGDemo.LoginTestNG -->
