<?xml version="1.0" encoding="UTF-8"?>
<!-- Generated by org.testng.reporters.JUnitReportReporter -->
<testsuite hostname="DESKTOP-162LP8P" failures="0" tests="2" name="com.TestNGDemo.OrangeHRMLogin" time="38.048" errors="0" timestamp="2021-02-04T21:52:02 BDT" skipped="0">
  <testcase classname="com.TestNGDemo.OrangeHRMLogin" name="TC_002_InValidLoginTest" time="17.349"/>
  <system-out/>
  <testcase classname="com.TestNGDemo.OrangeHRMLogin" name="TC_001_ValidLoginTest" time="20.699"/>
  <system-out/>
</testsuite> <!-- com.TestNGDemo.OrangeHRMLogin -->
