<?xml version="1.0" encoding="UTF-8"?>
<!-- Generated by org.testng.reporters.JUnitReportReporter -->
<testsuite hostname="DESKTOP-162LP8P" failures="0" tests="1" name="com.TestNGDemo.Demo2" time="0.011" errors="0" timestamp="2021-02-03T21:44:47 BDT" skipped="0">
  <testcase classname="com.TestNGDemo.Demo2" name="demoMethod" time="0.011"/>
  <system-out/>
</testsuite> <!-- com.TestNGDemo.Demo2 -->
